<?xml version="1.0" encoding="UTF-8"?>
<testsuite xmlns:xsi="http://www.w3.org/2001/XMLSchema-instance" xsi:noNamespaceSchemaLocation="https://maven.apache.org/surefire/maven-surefire-plugin/xsd/surefire-test-report.xsd" name="CodingBatExercises.A_Warmup_TEST.B_Warmup_2_Test" time="0.022" tests="14" errors="0" skipped="0" failures="0">
  <properties>
    <property name="sun.desktop" value="windows"/>
    <property name="awt.toolkit" value="sun.awt.windows.WToolkit"/>
    <property name="java.specification.version" value="9"/>
    <property name="file.encoding.pkg" value="sun.io"/>
    <property name="sun.cpu.isalist" value="amd64"/>
    <property name="sun.jnu.encoding" value="Cp1250"/>
    <property name="java.class.path" value="C:\Users\luq\IdeaProjects\CodingBatExercises\target\test-classes;C:\Users\luq\IdeaProjects\CodingBatExercises\target\classes;C:\Users\luq\.m2\repository\org\junit\platform\junit-platform-surefire-provider\1.0.0-M4\junit-platform-surefire-provider-1.0.0-M4.jar;C:\Users\luq\.m2\repository\org\junit\platform\junit-platform-launcher\1.0.0-M4\junit-platform-launcher-1.0.0-M4.jar;C:\Users\luq\.m2\repository\org\apache\maven\surefire\surefire-api\2.19.1\surefire-api-2.19.1.jar;C:\Users\luq\.m2\repository\org\apache\maven\surefire\common-java5\2.19.1\common-java5-2.19.1.jar;C:\Users\luq\.m2\repository\org\junit\jupiter\junit-jupiter-engine\5.0.0-M4\junit-jupiter-engine-5.0.0-M4.jar;C:\Users\luq\.m2\repository\org\junit\platform\junit-platform-engine\1.0.0-M4\junit-platform-engine-1.0.0-M4.jar;C:\Users\luq\.m2\repository\org\junit\vintage\junit-vintage-engine\4.12.0-M4\junit-vintage-engine-4.12.0-M4.jar;C:\Users\luq\.m2\repository\org\apache\maven\surefire\surefire-testng\2.19\surefire-testng-2.19.jar;C:\Users\luq\.m2\repository\org\apache\maven\surefire\surefire-testng-utils\2.19\surefire-testng-utils-2.19.jar;C:\Users\luq\.m2\repository\org\apache\maven\surefire\surefire-grouper\2.19\surefire-grouper-2.19.jar;C:\Users\luq\.m2\repository\org\junit\jupiter\junit-jupiter-api\5.0.0-M4\junit-jupiter-api-5.0.0-M4.jar;C:\Users\luq\.m2\repository\org\opentest4j\opentest4j\1.0.0-M2\opentest4j-1.0.0-M2.jar;C:\Users\luq\.m2\repository\org\junit\platform\junit-platform-commons\1.0.0-M4\junit-platform-commons-1.0.0-M4.jar;C:\Users\luq\.m2\repository\org\junit\jupiter\junit-jupiter-params\5.0.0-M4\junit-jupiter-params-5.0.0-M4.jar;C:\Users\luq\.m2\repository\junit\junit\4.12\junit-4.12.jar;C:\Users\luq\.m2\repository\org\hamcrest\hamcrest-core\1.3\hamcrest-core-1.3.jar;C:\Users\luq\.m2\repository\mysql\mysql-connector-java\3.1.14\mysql-connector-java-3.1.14.jar;"/>
    <property name="java.vm.vendor" value="Oracle Corporation"/>
    <property name="sun.arch.data.model" value="64"/>
    <property name="user.variant" value=""/>
    <property name="java.vendor.url" value="http://java.oracle.com/"/>
    <property name="user.timezone" value=""/>
    <property name="java.vm.specification.version" value="9"/>
    <property name="os.name" value="Windows 10"/>
    <property name="sun.java.launcher" value="SUN_STANDARD"/>
    <property name="user.country" value="US"/>
    <property name="sun.boot.library.path" value="C:\Program Files\Java\jdk-9.0.1\bin"/>
    <property name="sun.java.command" value="C:\Users\luq\AppData\Local\Temp\surefire15946731049975123930\surefirebooter8063439946731449166.jar C:\Users\luq\AppData\Local\Temp\surefire15946731049975123930 2018-12-20T13-12-54_009-jvmRun1 surefire12055587331635339952tmp surefire_01642259929472518670tmp"/>
    <property name="jdk.debug" value="release"/>
    <property name="surefire.test.class.path" value="C:\Users\luq\IdeaProjects\CodingBatExercises\target\test-classes;C:\Users\luq\IdeaProjects\CodingBatExercises\target\classes;C:\Users\luq\.m2\repository\org\junit\platform\junit-platform-surefire-provider\1.0.0-M4\junit-platform-surefire-provider-1.0.0-M4.jar;C:\Users\luq\.m2\repository\org\junit\platform\junit-platform-launcher\1.0.0-M4\junit-platform-launcher-1.0.0-M4.jar;C:\Users\luq\.m2\repository\org\apache\maven\surefire\surefire-api\2.19.1\surefire-api-2.19.1.jar;C:\Users\luq\.m2\repository\org\apache\maven\surefire\common-java5\2.19.1\common-java5-2.19.1.jar;C:\Users\luq\.m2\repository\org\junit\jupiter\junit-jupiter-engine\5.0.0-M4\junit-jupiter-engine-5.0.0-M4.jar;C:\Users\luq\.m2\repository\org\junit\platform\junit-platform-engine\1.0.0-M4\junit-platform-engine-1.0.0-M4.jar;C:\Users\luq\.m2\repository\org\junit\vintage\junit-vintage-engine\4.12.0-M4\junit-vintage-engine-4.12.0-M4.jar;C:\Users\luq\.m2\repository\org\apache\maven\surefire\surefire-testng\2.19\surefire-testng-2.19.jar;C:\Users\luq\.m2\repository\org\apache\maven\surefire\surefire-testng-utils\2.19\surefire-testng-utils-2.19.jar;C:\Users\luq\.m2\repository\org\apache\maven\surefire\surefire-grouper\2.19\surefire-grouper-2.19.jar;C:\Users\luq\.m2\repository\org\junit\jupiter\junit-jupiter-api\5.0.0-M4\junit-jupiter-api-5.0.0-M4.jar;C:\Users\luq\.m2\repository\org\opentest4j\opentest4j\1.0.0-M2\opentest4j-1.0.0-M2.jar;C:\Users\luq\.m2\repository\org\junit\platform\junit-platform-commons\1.0.0-M4\junit-platform-commons-1.0.0-M4.jar;C:\Users\luq\.m2\repository\org\junit\jupiter\junit-jupiter-params\5.0.0-M4\junit-jupiter-params-5.0.0-M4.jar;C:\Users\luq\.m2\repository\junit\junit\4.12\junit-4.12.jar;C:\Users\luq\.m2\repository\org\hamcrest\hamcrest-core\1.3\hamcrest-core-1.3.jar;C:\Users\luq\.m2\repository\mysql\mysql-connector-java\3.1.14\mysql-connector-java-3.1.14.jar;"/>
    <property name="sun.cpu.endian" value="little"/>
    <property name="user.home" value="C:\Users\luq"/>
    <property name="user.language" value="en"/>
    <property name="java.specification.vendor" value="Oracle Corporation"/>
    <property name="java.home" value="C:\Program Files\Java\jdk-9.0.1"/>
    <property name="file.separator" value="\"/>
    <property name="basedir" value="C:\Users\luq\IdeaProjects\CodingBatExercises"/>
    <property name="java.vm.compressedOopsMode" value="32-bit"/>
    <property name="line.separator" value="&#10;"/>
    <property name="java.vm.specification.vendor" value="Oracle Corporation"/>
    <property name="java.specification.name" value="Java Platform API Specification"/>
    <property name="java.awt.graphicsenv" value="sun.awt.Win32GraphicsEnvironment"/>
    <property name="surefire.real.class.path" value="C:\Users\luq\AppData\Local\Temp\surefire15946731049975123930\surefirebooter8063439946731449166.jar"/>
    <property name="user.script" value=""/>
    <property name="sun.management.compiler" value="HotSpot 64-Bit Tiered Compilers"/>
    <property name="java.runtime.version" value="9.0.1+11"/>
    <property name="user.name" value="luq"/>
    <property name="path.separator" value=";"/>
    <property name="os.version" value="10.0"/>
    <property name="java.runtime.name" value="Java(TM) SE Runtime Environment"/>
    <property name="file.encoding" value="Cp1250"/>
    <property name="java.vm.name" value="Java HotSpot(TM) 64-Bit Server VM"/>
    <property name="localRepository" value="C:\Users\luq\.m2\repository"/>
    <property name="java.vendor.url.bug" value="http://bugreport.java.com/bugreport/"/>
    <property name="java.io.tmpdir" value="C:\Users\luq\AppData\Local\Temp\"/>
    <property name="java.version" value="9.0.1"/>
    <property name="user.dir" value="C:\Users\luq\IdeaProjects\CodingBatExercises"/>
    <property name="os.arch" value="amd64"/>
    <property name="java.vm.specification.name" value="Java Virtual Machine Specification"/>
    <property name="java.awt.printerjob" value="sun.awt.windows.WPrinterJob"/>
    <property name="sun.os.patch.level" value=""/>
    <property name="java.library.path" value="C:\Program Files\Java\jdk-9.0.1\bin;C:\WINDOWS\Sun\Java\bin;C:\WINDOWS\system32;C:\WINDOWS;C:\cmder\bin;C:\cmder\vendor\conemu-maximus5\ConEmu\Scripts;C:\cmder\vendor\conemu-maximus5;C:\cmder\vendor\conemu-maximus5\ConEmu;C:\oracle_xe\app\oracle\product\11.2.0\server\bin;;C:\oraclexe\app\oracle\product\11.2.0\server\bin;C:\ProgramData\Oracle\Java\javapath;C:\Windows\system32;C:\Windows;C:\Windows\System32\Wbem;C:\Windows\System32\WindowsPowerShell\v1.0\;C:\Program Files (x86)\NVIDIA Corporation\PhysX\Common;C:\Program Files\Git\cmd;C:\WINDOWS\system32;C:\WINDOWS;C:\WINDOWS\System32\Wbem;C:\WINDOWS\System32\WindowsPowerShell\v1.0\;C:\Program Files\Java\jdk-9.0.1\bin;C:\Program Files (x86)\Heroku\bin;C:\Program Files (x86)\git\cmd;C:\Program Files (x86)\Git\cmd;C:\Program Files\MySQL\MySQL Utilities 1.6\;C:\Program Files\MySQL\MySQL Server 5.7\bin;C:\apache-maven-3.5.3-bin\apache-maven-3.5.3\bin;C:\Gradle\gradle-4.7\bin;;C:\WINDOWS\System32\OpenSSH\;C:\Program Files (x86)\Microsoft SQL Server\120\DTS\Binn\;C:\Program Files (x86)\Microsoft SQL Server\140\DTS\Binn\;C:\Program Files (x86)\Microsoft SQL Server\Client SDK\ODBC\130\Tools\Binn\;C:\Program Files (x86)\Microsoft SQL Server\140\Tools\Binn\;C:\Program Files (x86)\Microsoft SQL Server\140\Tools\Binn\ManagementStudio\;C:\Program Files\Microsoft SQL Server\120\Tools\Binn\;C:\Program Files\Microsoft SQL Server\Client SDK\ODBC\110\Tools\Binn\;C:\Program Files (x86)\Microsoft SQL Server\120\Tools\Binn\;C:\Program Files\Microsoft SQL Server\120\DTS\Binn\;C:\Program Files (x86)\Microsoft SQL Server\120\Tools\Binn\ManagementStudio\;C:\Program Files\Microsoft SQL Server\130\Tools\Binn\;C:\Program Files (x86)\Microsoft SQL Server\110\DTS\Binn\;C:\Program Files (x86)\Microsoft SQL Server\130\DTS\Binn\;C:\Users\luq\AppData\Local\Programs\Python\Python36-32\Scripts\;C:\Users\luq\AppData\Local\Programs\Python\Python36-32\;C:\Users\luq\AppData\Local\Microsoft\WindowsApps;C:\Program Files\MySQL\MySQL Server 5.7\bin\;C:\Program Files\heroku\bin;C:\Program Files\Git\usr\bin;C:\Program Files\Git\usr\share\vim\vim74;C:\cmder\;."/>
    <property name="java.vm.info" value="mixed mode"/>
    <property name="java.vendor" value="Oracle Corporation"/>
    <property name="java.vm.version" value="9.0.1+11"/>
    <property name="sun.io.unicode.encoding" value="UnicodeLittle"/>
    <property name="java.class.version" value="53.0"/>
  </properties>
  <testcase name="TEST_stringX" classname="CodingBatExercises.A_Warmup_TEST.B_Warmup_2_Test" time="0"/>
  <testcase name="TEST_arrayCount9" classname="CodingBatExercises.A_Warmup_TEST.B_Warmup_2_Test" time="0"/>
  <testcase name="TEST_arrayFront9" classname="CodingBatExercises.A_Warmup_TEST.B_Warmup_2_Test" time="0"/>
  <testcase name="TEST_stringBits" classname="CodingBatExercises.A_Warmup_TEST.B_Warmup_2_Test" time="0"/>
  <testcase name="TEST_stringSplosion" classname="CodingBatExercises.A_Warmup_TEST.B_Warmup_2_Test" time="0"/>
  <testcase name="TEST_stringMatch" classname="CodingBatExercises.A_Warmup_TEST.B_Warmup_2_Test" time="0"/>
  <testcase name="TEST_stringTimes" classname="CodingBatExercises.A_Warmup_TEST.B_Warmup_2_Test" time="0"/>
  <testcase name="TEST_countXX" classname="CodingBatExercises.A_Warmup_TEST.B_Warmup_2_Test" time="0"/>
  <testcase name="TEST_noTriples" classname="CodingBatExercises.A_Warmup_TEST.B_Warmup_2_Test" time="0"/>
  <testcase name="TEST_stringYak" classname="CodingBatExercises.A_Warmup_TEST.B_Warmup_2_Test" time="0"/>
  <testcase name="TEST_frontTimes" classname="CodingBatExercises.A_Warmup_TEST.B_Warmup_2_Test" time="0"/>
  <testcase name="TEST_array123" classname="CodingBatExercises.A_Warmup_TEST.B_Warmup_2_Test" time="0"/>
  <testcase name="TEST_array667" classname="CodingBatExercises.A_Warmup_TEST.B_Warmup_2_Test" time="0"/>
  <testcase name="TEST_doubleX" classname="CodingBatExercises.A_Warmup_TEST.B_Warmup_2_Test" time="0"/>
</testsuite>